app/build/intermediates/manifest_merge_blame_file/release/manifest-merger-blame-release-report.txt
1<?xml version="1.0" encoding="utf-8"?>
2<manifest xmlns:android="http://schemas.android.com/apk/res/android"
3    package="com.savvy.hrmsnewapp"
4    android:versionCode="54"
5    android:versionName="6.8" >
6
7    <uses-sdk
8        android:minSdkVersion="24"
8-->src\main\AndroidManifest.xml
9        android:targetSdkVersion="31" />
9-->src\main\AndroidManifest.xml
10
11    <uses-permission android:name="android.permission.ACCESS_FINE_LOCATION" />
11-->src\main\AndroidManifest.xml:6:5-79
11-->src\main\AndroidManifest.xml:6:22-76
12    <uses-permission android:name="android.permission.ACCESS_COARSE_LOCATION" />
12-->src\main\AndroidManifest.xml:7:5-81
12-->src\main\AndroidManifest.xml:7:22-78
13    <uses-permission android:name="android.permission.CAMERA" />
13-->src\main\AndroidManifest.xml:8:5-65
13-->src\main\AndroidManifest.xml:8:22-62
14    <uses-permission android:name="android.permission.WRITE_EXTERNAL_STORAGE" />
14-->src\main\AndroidManifest.xml:9:5-81
14-->src\main\AndroidManifest.xml:9:22-78
15    <uses-permission android:name="android.permission.READ_EXTERNAL_STORAGE" />
15-->src\main\AndroidManifest.xml:10:5-80
15-->src\main\AndroidManifest.xml:10:22-77
16    <uses-permission android:name="android.permission.READ_PHONE_STATE" />
16-->src\main\AndroidManifest.xml:11:5-75
16-->src\main\AndroidManifest.xml:11:22-72
17    <uses-permission android:name="android.permission.INTERNET" />
17-->src\main\AndroidManifest.xml:12:5-67
17-->src\main\AndroidManifest.xml:12:22-64
18    <uses-permission android:name="android.permission.ACCESS_NETWORK_STATE" />
18-->src\main\AndroidManifest.xml:13:5-79
18-->src\main\AndroidManifest.xml:13:22-76
19    <uses-permission android:name="android.permission.ACCESS_WIFI_STATE" />
19-->src\main\AndroidManifest.xml:14:5-76
19-->src\main\AndroidManifest.xml:14:22-73
20    <uses-permission android:name="android.permission.CHANGE_WIFI_STATE" />
20-->src\main\AndroidManifest.xml:15:5-76
20-->src\main\AndroidManifest.xml:15:22-73
21    <uses-permission android:name="android.permission.FOREGROUND_SERVICE" />
21-->src\main\AndroidManifest.xml:16:5-77
21-->src\main\AndroidManifest.xml:16:22-74
22    <uses-permission android:name="android.permission.RECEIVE_BOOT_COMPLETED" />
22-->src\main\AndroidManifest.xml:17:5-81
22-->src\main\AndroidManifest.xml:17:22-78
23
24    <uses-feature android:name="android.hardware.location.gps" />
24-->src\main\AndroidManifest.xml:19:5-66
24-->src\main\AndroidManifest.xml:19:19-63
25    <uses-feature
25-->src\main\AndroidManifest.xml:20:5-22:35
26        android:name="android.hardware.camera"
26-->src\main\AndroidManifest.xml:21:9-47
27        android:required="true" />
27-->src\main\AndroidManifest.xml:22:9-32
28    <uses-feature
28-->src\main\AndroidManifest.xml:23:5-25:35
29        android:name="android.hardware.sensor.accelerometer"
29-->src\main\AndroidManifest.xml:24:9-61
30        android:required="true" />
30-->src\main\AndroidManifest.xml:25:9-32
31    <uses-feature
31-->[com.google.android.gms:play-services-maps:18.1.0] AndroidManifest.xml:26:5-28:35
32        android:glEsVersion="0x00020000"
32-->[com.google.android.gms:play-services-maps:18.1.0] AndroidManifest.xml:27:9-41
33        android:required="true" />
33-->[com.google.android.gms:play-services-maps:18.1.0] AndroidManifest.xml:28:9-32
34
35    <queries>
35-->[com.google.android.gms:play-services-maps:18.1.0] AndroidManifest.xml:30:5-34:15
36
37        <!-- Needs to be explicitly declared on Android R+ -->
38        <package android:name="com.google.android.apps.maps" />
38-->[com.google.android.gms:play-services-maps:18.1.0] AndroidManifest.xml:33:9-64
38-->[com.google.android.gms:play-services-maps:18.1.0] AndroidManifest.xml:33:18-61
39    </queries>
40
41    <uses-permission android:name="android.permission.POST_NOTIFICATIONS" />
41-->[com.google.firebase:firebase-messaging:23.1.2] AndroidManifest.xml:25:5-77
41-->[com.google.firebase:firebase-messaging:23.1.2] AndroidManifest.xml:25:22-74
42    <uses-permission android:name="android.permission.WAKE_LOCK" /> <!-- Required by older versions of Google Play services to create IID tokens -->
42-->[com.google.firebase:firebase-messaging:23.1.2] AndroidManifest.xml:26:5-68
42-->[com.google.firebase:firebase-messaging:23.1.2] AndroidManifest.xml:26:22-65
43    <uses-permission android:name="com.google.android.c2dm.permission.RECEIVE" />
43-->[com.google.firebase:firebase-messaging:23.1.2] AndroidManifest.xml:28:5-82
43-->[com.google.firebase:firebase-messaging:23.1.2] AndroidManifest.xml:28:22-79
44    <uses-permission android:name="com.google.android.gms.permission.AD_ID" />
44-->[com.google.android.gms:play-services-measurement-api:21.2.1] AndroidManifest.xml:25:5-79
44-->[com.google.android.gms:play-services-measurement-api:21.2.1] AndroidManifest.xml:25:22-76
45    <uses-permission android:name="com.google.android.finsky.permission.BIND_GET_INSTALL_REFERRER_SERVICE" />
45-->[com.google.android.gms:play-services-measurement:21.2.1] AndroidManifest.xml:26:5-110
45-->[com.google.android.gms:play-services-measurement:21.2.1] AndroidManifest.xml:26:22-107
46
47    <application
47-->src\main\AndroidManifest.xml:27:5-325:19
48        android:name="com.savvy.hrmsnewapp.classes.SavvyHRMS"
48-->src\main\AndroidManifest.xml:28:9-42
49        android:allowBackup="false"
49-->src\main\AndroidManifest.xml:29:9-36
50        android:appComponentFactory="androidx.core.app.CoreComponentFactory"
50-->[androidx.core:core:1.6.0] AndroidManifest.xml:24:18-86
51        android:configChanges="keyboardHidden|orientation"
51-->src\main\AndroidManifest.xml:30:9-59
52        android:extractNativeLibs="false"
53        android:fullBackupContent="false"
53-->src\main\AndroidManifest.xml:31:9-42
54        android:hardwareAccelerated="false"
54-->src\main\AndroidManifest.xml:32:9-44
55        android:icon="@drawable/logohrms"
55-->src\main\AndroidManifest.xml:33:9-42
56        android:label="@string/app_name"
56-->src\main\AndroidManifest.xml:34:9-41
57        android:largeHeap="true"
57-->src\main\AndroidManifest.xml:35:9-33
58        android:requestLegacyExternalStorage="true"
58-->src\main\AndroidManifest.xml:36:9-52
59        android:roundIcon="@drawable/logohrms"
59-->src\main\AndroidManifest.xml:37:9-47
60        android:supportsRtl="true"
60-->src\main\AndroidManifest.xml:38:9-35
61        android:theme="@style/AppTheme"
61-->src\main\AndroidManifest.xml:39:9-40
62        android:usesCleartextTraffic="true" >
62-->src\main\AndroidManifest.xml:40:9-44
63        <activity
63-->src\main\AndroidManifest.xml:41:9-43:40
64            android:name="com.savvy.hrmsnewapp.activity.EmployeeDetailActivity"
64-->src\main\AndroidManifest.xml:42:13-60
65            android:exported="false" />
65-->src\main\AndroidManifest.xml:43:13-37
66        <activity android:name="com.savvy.hrmsnewapp.activity.BarCodeActivity" />
66-->src\main\AndroidManifest.xml:44:9-62
66-->src\main\AndroidManifest.xml:44:19-59
67        <activity android:name="com.savvy.hrmsnewapp.activity.OfflineMarkAttendanceActivity" />
67-->src\main\AndroidManifest.xml:45:9-76
67-->src\main\AndroidManifest.xml:45:19-73
68        <activity android:name="com.savvy.hrmsnewapp.activity.OfflineLoginActivity" />
68-->src\main\AndroidManifest.xml:46:9-67
68-->src\main\AndroidManifest.xml:46:19-64
69        <activity android:name="com.savvy.hrmsnewapp.activity.TrackMeActivity" />
69-->src\main\AndroidManifest.xml:47:9-62
69-->src\main\AndroidManifest.xml:47:19-59
70        <activity android:name="com.savvy.hrmsnewapp.activity.AttendanceSuccessActivity" />
70-->src\main\AndroidManifest.xml:48:9-72
70-->src\main\AndroidManifest.xml:48:19-69
71        <activity android:name="com.savvy.hrmsnewapp.activity.FaceAttendanceActivity" />
71-->src\main\AndroidManifest.xml:49:9-69
71-->src\main\AndroidManifest.xml:49:19-66
72        <activity
72-->src\main\AndroidManifest.xml:50:9-52:50
73            android:name="com.savvy.hrmsnewapp.activity.BirthDayActivity"
73-->src\main\AndroidManifest.xml:51:13-54
74            android:screenOrientation="sensor" />
74-->src\main\AndroidManifest.xml:52:13-47
75        <activity
75-->src\main\AndroidManifest.xml:53:9-56:58
76            android:name="com.savvy.hrmsnewapp.activity.AddNewCustomer"
76-->src\main\AndroidManifest.xml:54:13-52
77            android:screenOrientation="portrait"
77-->src\main\AndroidManifest.xml:55:13-49
78            android:windowSoftInputMode="adjustResize" />
78-->src\main\AndroidManifest.xml:56:13-55
79
80        <uses-library
80-->src\main\AndroidManifest.xml:58:9-60:40
81            android:name="org.apache.http.legacy"
81-->src\main\AndroidManifest.xml:59:13-50
82            android:required="false" />
82-->src\main\AndroidManifest.xml:60:13-37
83
84        <activity
84-->src\main\AndroidManifest.xml:62:9-64:58
85            android:name="com.savvy.hrmsnewapp.activity.AddShowTripReport"
85-->src\main\AndroidManifest.xml:63:13-55
86            android:windowSoftInputMode="adjustResize" />
86-->src\main\AndroidManifest.xml:64:13-55
87        <activity
87-->src\main\AndroidManifest.xml:65:9-67:58
88            android:name="com.savvy.hrmsnewapp.activity.TravelExpenseActivity"
88-->src\main\AndroidManifest.xml:66:13-59
89            android:windowSoftInputMode="adjustResize" />
89-->src\main\AndroidManifest.xml:67:13-55
90        <activity
90-->src\main\AndroidManifest.xml:68:9-70:58
91            android:name="com.savvy.hrmsnewapp.activity.ItineraryDetailsWithTicketsActivity"
91-->src\main\AndroidManifest.xml:69:13-73
92            android:windowSoftInputMode="adjustResize" />
92-->src\main\AndroidManifest.xml:70:13-55
93        <activity
93-->src\main\AndroidManifest.xml:71:9-73:58
94            android:name="com.savvy.hrmsnewapp.activity.TravelDeskRequest"
94-->src\main\AndroidManifest.xml:72:13-55
95            android:windowSoftInputMode="adjustResize" />
95-->src\main\AndroidManifest.xml:73:13-55
96        <activity
96-->src\main\AndroidManifest.xml:74:9-76:58
97            android:name="com.savvy.hrmsnewapp.activity.TravelDeskItineraryDetails"
97-->src\main\AndroidManifest.xml:75:13-64
98            android:windowSoftInputMode="adjustResize" />
98-->src\main\AndroidManifest.xml:76:13-55
99        <activity
99-->src\main\AndroidManifest.xml:77:9-79:58
100            android:name="com.savvy.hrmsnewapp.activity.AddCarPickUpActivity"
100-->src\main\AndroidManifest.xml:78:13-58
101            android:windowSoftInputMode="adjustResize" />
101-->src\main\AndroidManifest.xml:79:13-55
102        <activity
102-->src\main\AndroidManifest.xml:80:9-82:58
103            android:name="com.savvy.hrmsnewapp.activity.AddAdvanceActivity"
103-->src\main\AndroidManifest.xml:81:13-56
104            android:windowSoftInputMode="adjustResize" />
104-->src\main\AndroidManifest.xml:82:13-55
105        <activity
105-->src\main\AndroidManifest.xml:83:9-85:58
106            android:name="com.savvy.hrmsnewapp.activity.AddAccommodationActivity"
106-->src\main\AndroidManifest.xml:84:13-62
107            android:windowSoftInputMode="adjustResize" />
107-->src\main\AndroidManifest.xml:85:13-55
108        <activity
108-->src\main\AndroidManifest.xml:86:9-88:58
109            android:name="com.savvy.hrmsnewapp.activity.AddIteneraryActivity"
109-->src\main\AndroidManifest.xml:87:13-58
110            android:windowSoftInputMode="adjustResize" />
110-->src\main\AndroidManifest.xml:88:13-55
111        <activity
111-->src\main\AndroidManifest.xml:89:9-91:58
112            android:name="com.savvy.hrmsnewapp.activity.AddPassengerActivity"
112-->src\main\AndroidManifest.xml:90:13-58
113            android:windowSoftInputMode="adjustResize" />
113-->src\main\AndroidManifest.xml:91:13-55
114        <activity
114-->src\main\AndroidManifest.xml:92:9-94:58
115            android:name="com.savvy.hrmsnewapp.activity.LeaveApplyFicciActivity"
115-->src\main\AndroidManifest.xml:93:13-61
116            android:windowSoftInputMode="adjustResize" />
116-->src\main\AndroidManifest.xml:94:13-55
117
118        <meta-data
118-->src\main\AndroidManifest.xml:96:9-98:55
119            android:name="com.google.android.geo.API_KEY"
119-->src\main\AndroidManifest.xml:97:13-58
120            android:value="@string/google_maps_key" />
120-->src\main\AndroidManifest.xml:98:13-52
121
122        <activity
122-->src\main\AndroidManifest.xml:100:9-115:20
123            android:name="com.savvy.hrmsnewapp.activity.SplashActivity"
123-->src\main\AndroidManifest.xml:101:13-52
124            android:exported="true"
124-->src\main\AndroidManifest.xml:102:13-36
125            android:label="@string/app_name"
125-->src\main\AndroidManifest.xml:103:13-45
126            android:screenOrientation="portrait" >
126-->src\main\AndroidManifest.xml:104:13-49
127            <intent-filter>
127-->src\main\AndroidManifest.xml:105:13-109:29
128                <action android:name="android.intent.action.MAIN" />
128-->src\main\AndroidManifest.xml:106:17-69
128-->src\main\AndroidManifest.xml:106:25-66
129
130                <category android:name="android.intent.category.LAUNCHER" />
130-->src\main\AndroidManifest.xml:108:17-77
130-->src\main\AndroidManifest.xml:108:27-74
131            </intent-filter>
132            <intent-filter>
132-->src\main\AndroidManifest.xml:110:13-114:29
133                <action android:name="SPLASHACTIVITY" />
133-->src\main\AndroidManifest.xml:111:17-57
133-->src\main\AndroidManifest.xml:111:25-54
134
135                <category android:name="android.intent.category.DEFAULT" />
135-->src\main\AndroidManifest.xml:113:17-76
135-->src\main\AndroidManifest.xml:113:27-73
136            </intent-filter>
137        </activity>
138        <activity
138-->src\main\AndroidManifest.xml:116:9-120:57
139            android:name="com.savvy.hrmsnewapp.activity.LeaveApplyActivity"
139-->src\main\AndroidManifest.xml:117:13-56
140            android:exported="true"
140-->src\main\AndroidManifest.xml:118:13-36
141            android:screenOrientation="fullSensor"
141-->src\main\AndroidManifest.xml:119:13-51
142            android:windowSoftInputMode="stateHidden" />
142-->src\main\AndroidManifest.xml:120:13-54
143        <activity
143-->src\main\AndroidManifest.xml:121:9-124:54
144            android:name="com.savvy.hrmsnewapp.activity.CaledarView"
144-->src\main\AndroidManifest.xml:122:13-49
145            android:exported="true"
145-->src\main\AndroidManifest.xml:123:13-36
146            android:screenOrientation="fullSensor" />
146-->src\main\AndroidManifest.xml:124:13-51
147        <activity
147-->src\main\AndroidManifest.xml:125:9-130:58
148            android:name="com.savvy.hrmsnewapp.activity.DashBoardActivity"
148-->src\main\AndroidManifest.xml:126:13-55
149            android:label="@string/title_activity_dash_board"
149-->src\main\AndroidManifest.xml:127:13-62
150            android:screenOrientation="portrait"
150-->src\main\AndroidManifest.xml:128:13-49
151            android:theme="@style/AppTheme.NoActionBar"
151-->src\main\AndroidManifest.xml:129:13-56
152            android:windowSoftInputMode="adjustResize" />
152-->src\main\AndroidManifest.xml:130:13-55
153        <activity android:name="com.savvy.hrmsnewapp.activity.ODVisitHistoryActivity" />
153-->src\main\AndroidManifest.xml:131:9-69
153-->src\main\AndroidManifest.xml:131:19-66
154        <activity android:name="com.savvy.hrmsnewapp.activity.ViewHistoryActivity" />
154-->src\main\AndroidManifest.xml:132:9-66
154-->src\main\AndroidManifest.xml:132:19-63
155        <activity
155-->src\main\AndroidManifest.xml:133:9-137:57
156            android:name="com.savvy.hrmsnewapp.activity.ChangePasswordActivity"
156-->src\main\AndroidManifest.xml:134:13-60
157            android:exported="true"
157-->src\main\AndroidManifest.xml:135:13-36
158            android:screenOrientation="fullSensor"
158-->src\main\AndroidManifest.xml:136:13-51
159            android:windowSoftInputMode="stateHidden" />
159-->src\main\AndroidManifest.xml:137:13-54
160        <activity android:name="com.savvy.hrmsnewapp.activity.LeaveBalanceActivity" />
160-->src\main\AndroidManifest.xml:138:9-67
160-->src\main\AndroidManifest.xml:138:19-64
161        <activity android:name="com.savvy.hrmsnewapp.activity.LoginActivity_1" />
161-->src\main\AndroidManifest.xml:139:9-62
161-->src\main\AndroidManifest.xml:139:19-59
162        <activity
162-->src\main\AndroidManifest.xml:140:9-143:58
163            android:name="com.savvy.hrmsnewapp.activity.MarkAttendance"
163-->src\main\AndroidManifest.xml:141:13-52
164            android:screenOrientation="fullSensor"
164-->src\main\AndroidManifest.xml:142:13-51
165            android:windowSoftInputMode="adjustResize" />
165-->src\main\AndroidManifest.xml:143:13-55
166        <activity
166-->src\main\AndroidManifest.xml:144:9-146:54
167            android:name="com.savvy.hrmsnewapp.activity.MarkAttendanceGoogleApi"
167-->src\main\AndroidManifest.xml:145:13-61
168            android:screenOrientation="fullSensor" />
168-->src\main\AndroidManifest.xml:146:13-51
169        <activity
169-->src\main\AndroidManifest.xml:147:9-149:54
170            android:name="com.savvy.hrmsnewapp.activity.MarkTeamAttendanceGoogleApi"
170-->src\main\AndroidManifest.xml:148:13-65
171            android:screenOrientation="fullSensor" />
171-->src\main\AndroidManifest.xml:149:13-51
172        <activity android:name="com.savvy.hrmsnewapp.activity.TestingActivity" />
172-->src\main\AndroidManifest.xml:150:9-62
172-->src\main\AndroidManifest.xml:150:19-59
173        <activity
173-->src\main\AndroidManifest.xml:151:9-155:57
174            android:name="com.savvy.hrmsnewapp.activity.Track_Me"
174-->src\main\AndroidManifest.xml:152:13-46
175            android:exported="true"
175-->src\main\AndroidManifest.xml:153:13-36
176            android:screenOrientation="fullSensor"
176-->src\main\AndroidManifest.xml:154:13-51
177            android:windowSoftInputMode="stateHidden" />
177-->src\main\AndroidManifest.xml:155:13-54
178        <activity
178-->src\main\AndroidManifest.xml:156:9-161:57
179            android:name="com.savvy.hrmsnewapp.activity.Track_Me_GoogleApi"
179-->src\main\AndroidManifest.xml:157:13-56
180            android:exported="true"
180-->src\main\AndroidManifest.xml:158:13-36
181            android:launchMode="singleTop"
181-->src\main\AndroidManifest.xml:159:13-43
182            android:screenOrientation="fullSensor"
182-->src\main\AndroidManifest.xml:160:13-51
183            android:windowSoftInputMode="stateHidden" />
183-->src\main\AndroidManifest.xml:161:13-54
184        <activity
184-->src\main\AndroidManifest.xml:162:9-166:57
185            android:name="com.savvy.hrmsnewapp.activity.Track_Me_Service_Google"
185-->src\main\AndroidManifest.xml:163:13-61
186            android:exported="true"
186-->src\main\AndroidManifest.xml:164:13-36
187            android:screenOrientation="fullSensor"
187-->src\main\AndroidManifest.xml:165:13-51
188            android:windowSoftInputMode="stateHidden" />
188-->src\main\AndroidManifest.xml:166:13-54
189        <activity
189-->src\main\AndroidManifest.xml:167:9-170:54
190            android:name="com.savvy.hrmsnewapp.attendanceMark.MarkAttendance"
190-->src\main\AndroidManifest.xml:168:13-58
191            android:exported="true"
191-->src\main\AndroidManifest.xml:169:13-36
192            android:screenOrientation="fullSensor" />
192-->src\main\AndroidManifest.xml:170:13-51
193        <activity
193-->src\main\AndroidManifest.xml:171:9-174:52
194            android:name="com.savvy.hrmsnewapp.attendanceMark.MarkTeamAttendanceNew"
194-->src\main\AndroidManifest.xml:172:13-65
195            android:exported="true"
195-->src\main\AndroidManifest.xml:173:13-36
196            android:screenOrientation="portrait" />
196-->src\main\AndroidManifest.xml:174:13-49
197        <activity
197-->src\main\AndroidManifest.xml:175:9-178:52
198            android:name="com.savvy.hrmsnewapp.attendanceMark.MarkAttendanceInOut"
198-->src\main\AndroidManifest.xml:176:13-63
199            android:exported="true"
199-->src\main\AndroidManifest.xml:177:13-36
200            android:screenOrientation="portrait" />
200-->src\main\AndroidManifest.xml:178:13-49
201        <activity
201-->src\main\AndroidManifest.xml:179:9-182:52
202            android:name="com.savvy.hrmsnewapp.attendanceMark.MarkAttendanceMain"
202-->src\main\AndroidManifest.xml:180:13-62
203            android:exported="true"
203-->src\main\AndroidManifest.xml:181:13-36
204            android:screenOrientation="portrait" />
204-->src\main\AndroidManifest.xml:182:13-49
205
206        <service
206-->src\main\AndroidManifest.xml:184:9-186:40
207            android:name="com.savvy.hrmsnewapp.service.TheService"
207-->src\main\AndroidManifest.xml:185:13-47
208            android:exported="false" />
208-->src\main\AndroidManifest.xml:186:13-37
209
210        <activity
210-->src\main\AndroidManifest.xml:188:9-190:52
211            android:name="com.savvy.hrmsnewapp.activity.SaveMarkAttWithInOut"
211-->src\main\AndroidManifest.xml:189:13-58
212            android:screenOrientation="portrait" />
212-->src\main\AndroidManifest.xml:190:13-49
213        <activity
213-->src\main\AndroidManifest.xml:191:9-193:52
214            android:name="com.savvy.hrmsnewapp.saleForce.TrackGPS_GoogleApiClient"
214-->src\main\AndroidManifest.xml:192:13-63
215            android:screenOrientation="portrait" />
215-->src\main\AndroidManifest.xml:193:13-49
216        <activity
216-->src\main\AndroidManifest.xml:194:9-196:52
217            android:name="com.savvy.hrmsnewapp.markPunch.OnlineTestActivity"
217-->src\main\AndroidManifest.xml:195:13-57
218            android:screenOrientation="portrait" />
218-->src\main\AndroidManifest.xml:196:13-49
219        <activity
219-->src\main\AndroidManifest.xml:197:9-199:52
220            android:name="com.savvy.hrmsnewapp.markPunch.OnlineTestResultActivity"
220-->src\main\AndroidManifest.xml:198:13-63
221            android:screenOrientation="portrait" />
221-->src\main\AndroidManifest.xml:199:13-49
222        <activity
222-->src\main\AndroidManifest.xml:200:9-202:52
223            android:name="com.savvy.hrmsnewapp.saleForce.GPS_TRACKER_DEMO"
223-->src\main\AndroidManifest.xml:201:13-55
224            android:screenOrientation="portrait" />
224-->src\main\AndroidManifest.xml:202:13-49
225        <!--
226             The API key for Google Maps-based APIs is defined as a string resource.
227             (See the file "res/values/google_maps_api.xml").
228             Note that the API key is linked to the encryption key used to sign the APK.
229             You need a different API key for each encryption key, including the release key that is used to
230             sign the APK for publishing.
231             You can define the keys for the debug and release targets in src/debug/ and src/release/.
232        -->
233        <activity
233-->src\main\AndroidManifest.xml:211:9-215:52
234            android:name="com.savvy.hrmsnewapp.saleForce.SalesForceMapActivity"
234-->src\main\AndroidManifest.xml:212:13-60
235            android:exported="true"
235-->src\main\AndroidManifest.xml:213:13-36
236            android:label="@string/app_name"
236-->src\main\AndroidManifest.xml:214:13-45
237            android:screenOrientation="portrait" />
237-->src\main\AndroidManifest.xml:215:13-49
238        <activity
238-->src\main\AndroidManifest.xml:216:9-220:52
239            android:name="com.savvy.hrmsnewapp.saleForce.NewSalesForceMapActivity"
239-->src\main\AndroidManifest.xml:217:13-63
240            android:exported="true"
240-->src\main\AndroidManifest.xml:218:13-36
241            android:label="@string/app_name"
241-->src\main\AndroidManifest.xml:219:13-45
242            android:screenOrientation="portrait" />
242-->src\main\AndroidManifest.xml:220:13-49
243        <activity android:name="com.savvy.hrmsnewapp.activity.MarkAttendanceWithInOutGoogle" />
243-->src\main\AndroidManifest.xml:221:9-76
243-->src\main\AndroidManifest.xml:221:19-73
244
245        <service
245-->src\main\AndroidManifest.xml:223:9-225:40
246            android:name="com.savvy.hrmsnewapp.service.Track_Me_Service"
246-->src\main\AndroidManifest.xml:224:13-53
247            android:exported="false" />
247-->src\main\AndroidManifest.xml:225:13-37
248        <service
248-->src\main\AndroidManifest.xml:226:9-228:40
249            android:name="com.savvy.hrmsnewapp.service.Track_Me_Location_Service"
249-->src\main\AndroidManifest.xml:227:13-62
250            android:exported="false" />
250-->src\main\AndroidManifest.xml:228:13-37
251
252        <activity android:name="com.savvy.hrmsnewapp.activity.NewTrackServiceActivity" />
252-->src\main\AndroidManifest.xml:230:9-70
252-->src\main\AndroidManifest.xml:230:19-67
253
254        <service
254-->src\main\AndroidManifest.xml:232:9-238:19
255            android:name="com.savvy.hrmsnewapp.service.MyFirebaseInstanceIdService"
255-->src\main\AndroidManifest.xml:233:13-64
256            android:exported="true" >
256-->src\main\AndroidManifest.xml:234:13-36
257            <intent-filter>
257-->src\main\AndroidManifest.xml:235:13-237:29
258                <action android:name="com.google.firebase.INSTANCE_ID_EVENT" />
258-->src\main\AndroidManifest.xml:236:17-80
258-->src\main\AndroidManifest.xml:236:25-77
259            </intent-filter>
260        </service>
261        <service
261-->src\main\AndroidManifest.xml:239:9-245:19
262            android:name="com.savvy.hrmsnewapp.service.MyFirebaseMessagingService"
262-->src\main\AndroidManifest.xml:240:13-63
263            android:exported="true" >
263-->src\main\AndroidManifest.xml:241:13-36
264            <intent-filter>
264-->src\main\AndroidManifest.xml:242:13-244:29
265                <action android:name="com.google.firebase.MESSAGING_EVENT" />
265-->src\main\AndroidManifest.xml:243:17-78
265-->src\main\AndroidManifest.xml:243:25-75
266            </intent-filter>
267        </service>
268        <service
268-->src\main\AndroidManifest.xml:246:9-249:39
269            android:name="com.savvy.hrmsnewapp.service.BaseTrackMeService"
269-->src\main\AndroidManifest.xml:247:13-55
270            android:enabled="true"
270-->src\main\AndroidManifest.xml:248:13-35
271            android:exported="true" />
271-->src\main\AndroidManifest.xml:249:13-36
272
273        <receiver
273-->src\main\AndroidManifest.xml:251:9-259:20
274            android:name="com.savvy.hrmsnewapp.service.AlarmReceiver"
274-->src\main\AndroidManifest.xml:252:13-50
275            android:enabled="true"
275-->src\main\AndroidManifest.xml:253:13-35
276            android:exported="true"
276-->src\main\AndroidManifest.xml:254:13-36
277            android:label="RestartServiceWhenStopped" >
277-->src\main\AndroidManifest.xml:255:13-54
278            <intent-filter>
278-->src\main\AndroidManifest.xml:256:13-258:29
279                <action android:name="uk.ac.shef.oak.ActivityRecognition.RestartSensor" />
279-->src\main\AndroidManifest.xml:257:17-91
279-->src\main\AndroidManifest.xml:257:25-88
280            </intent-filter>
281        </receiver>
282
283        <activity android:name="com.savvy.hrmsnewapp.activity.Gps1Activity" />
283-->src\main\AndroidManifest.xml:261:9-59
283-->src\main\AndroidManifest.xml:261:19-56
284
285        <service android:name="com.savvy.hrmsnewapp.service.GoogleServices" />
285-->src\main\AndroidManifest.xml:263:9-265:45
285-->src\main\AndroidManifest.xml:264:13-51
286
287        <activity android:name="com.savvy.hrmsnewapp.activity.BaseTrackMeActivity" />
287-->src\main\AndroidManifest.xml:267:9-66
287-->src\main\AndroidManifest.xml:267:19-63
288
289        <service
289-->src\main\AndroidManifest.xml:269:9-272:45
290            android:name="com.savvy.hrmsnewapp.rahul.TrackMeRahul"
290-->src\main\AndroidManifest.xml:270:13-47
291            android:exported="false" />
291-->src\main\AndroidManifest.xml:271:13-37
292        <service
292-->src\main\AndroidManifest.xml:273:9-275:40
293            android:name="com.savvy.hrmsnewapp.service.VisService"
293-->src\main\AndroidManifest.xml:274:13-47
294            android:exported="false" />
294-->src\main\AndroidManifest.xml:275:13-37
295        <service
295-->src\main\AndroidManifest.xml:276:9-278:40
296            android:name="com.savvy.hrmsnewapp.service.LocationService"
296-->src\main\AndroidManifest.xml:277:13-52
297            android:exported="false" />
297-->src\main\AndroidManifest.xml:278:13-37
298
299        <activity
299-->src\main\AndroidManifest.xml:280:9-288:20
300            android:name="com.savvy.hrmsnewapp.activity.MainActivity"
300-->src\main\AndroidManifest.xml:281:13-50
301            android:exported="true" >
301-->src\main\AndroidManifest.xml:282:13-36
302            <intent-filter>
302-->src\main\AndroidManifest.xml:283:13-287:29
303                <action android:name="MAINACTIVITY" />
303-->src\main\AndroidManifest.xml:284:17-55
303-->src\main\AndroidManifest.xml:284:25-52
304
305                <category android:name="android.intent.category.DEFAULT" />
305-->src\main\AndroidManifest.xml:113:17-76
305-->src\main\AndroidManifest.xml:113:27-73
306            </intent-filter>
307        </activity>
308        <activity
308-->src\main\AndroidManifest.xml:289:9-296:20
309            android:name="com.savvy.hrmsnewapp.WebviewActivity"
309-->src\main\AndroidManifest.xml:290:13-44
310            android:exported="false"
310-->src\main\AndroidManifest.xml:291:13-37
311            android:theme="@style/AppTheme.NoActionBar" >
311-->src\main\AndroidManifest.xml:292:13-56
312            <meta-data
312-->src\main\AndroidManifest.xml:293:13-295:36
313                android:name="android.app.lib_name"
313-->src\main\AndroidManifest.xml:294:17-52
314                android:value="" />
314-->src\main\AndroidManifest.xml:295:17-33
315        </activity>
316        <activity android:name="com.savvy.hrmsnewapp.fragment.CustomerVisit_GOIP" />
316-->src\main\AndroidManifest.xml:297:9-299:45